{"/home/jeff/code/FUEL-Token/contracts/FuelCrowdfund.sol":{"l":{"29":1,"30":1,"31":1,"36":5,"37":5,"45":0,"52":0,"53":0,"55":0,"56":0,"58":0,"63":0,"64":0,"65":0,"67":0,"69":0,"75":0,"86":0,"88":0,"90":0,"92":0,"94":0,"96":0,"98":0,"100":0},"path":"/home/jeff/code/FUEL-Token/contracts/FuelCrowdfund.sol","s":{"1":7,"2":7,"3":7,"4":1,"5":1,"6":1,"7":5,"8":5,"9":0,"10":0,"11":0,"12":0,"13":0,"14":0,"15":0,"16":0,"17":0,"18":0,"19":0,"20":0,"21":0,"22":0,"23":0,"24":0,"25":0,"26":0,"27":0},"b":{"1":[0,0],"2":[0,0],"3":[0,0],"4":[0,0],"5":[0,0]},"f":{"1":7,"2":1,"3":5,"4":0,"5":0,"6":0,"7":0,"8":0},"fnMap":{"1":{"name":"FuelCrowdfund","line":21,"loc":{"start":{"line":21,"column":4},"end":{"line":21,"column":35}}},"2":{"name":"setTokenManagerAddress","line":28,"loc":{"start":{"line":28,"column":4},"end":{"line":28,"column":111}}},"3":{"name":"setCrowdfundManagerAddress","line":35,"loc":{"start":{"line":35,"column":4},"end":{"line":35,"column":123}}},"4":{"name":null,"line":44,"loc":{"start":{"line":44,"column":4},"end":{"line":44,"column":14}}},"5":{"name":"buyTokens","line":51,"loc":{"start":{"line":51,"column":4},"end":{"line":51,"column":81}}},"6":{"name":"closeCrowdsale","line":62,"loc":{"start":{"line":62,"column":4},"end":{"line":62,"column":40}}},"7":{"name":"getPrice","line":72,"loc":{"start":{"line":72,"column":4},"end":{"line":73,"column":6}}},"8":{"name":"getIcoPrice","line":84,"loc":{"start":{"line":84,"column":4},"end":{"line":84,"column":55}}}},"statementMap":{"1":{"start":{"line":22,"column":8},"end":{"line":22,"column":27}},"2":{"start":{"line":23,"column":8},"end":{"line":23,"column":28}},"3":{"start":{"line":24,"column":8},"end":{"line":24,"column":26}},"4":{"start":{"line":29,"column":8},"end":{"line":29,"column":68}},"5":{"start":{"line":30,"column":8},"end":{"line":30,"column":49}},"6":{"start":{"line":31,"column":8},"end":{"line":31,"column":55}},"7":{"start":{"line":36,"column":8},"end":{"line":36,"column":57}},"8":{"start":{"line":37,"column":8},"end":{"line":37,"column":63}},"9":{"start":{"line":45,"column":8},"end":{"line":45,"column":13}},"10":{"start":{"line":52,"column":8},"end":{"line":52,"column":30}},"11":{"start":{"line":53,"column":8},"end":{"line":53,"column":58}},"12":{"start":{"line":54,"column":8},"end":{"line":54,"column":37}},"13":{"start":{"line":55,"column":8},"end":{"line":55,"column":35}},"14":{"start":{"line":58,"column":8},"end":{"line":58,"column":57}},"15":{"start":{"line":63,"column":8},"end":{"line":63,"column":2568}},"16":{"start":{"line":64,"column":12},"end":{"line":64,"column":36}},"17":{"start":{"line":65,"column":12},"end":{"line":65,"column":40}},"18":{"start":{"line":67,"column":8},"end":{"line":67,"column":29}},"19":{"start":{"line":75,"column":8},"end":{"line":75,"column":28}},"20":{"start":{"line":86,"column":8},"end":{"line":86,"column":3430}},"21":{"start":{"line":88,"column":12},"end":{"line":88,"column":22}},"22":{"start":{"line":90,"column":8},"end":{"line":90,"column":3535}},"23":{"start":{"line":92,"column":12},"end":{"line":92,"column":23}},"24":{"start":{"line":94,"column":8},"end":{"line":94,"column":3641}},"25":{"start":{"line":96,"column":12},"end":{"line":96,"column":23}},"26":{"start":{"line":98,"column":8},"end":{"line":98,"column":3747}},"27":{"start":{"line":100,"column":12},"end":{"line":100,"column":23}}},"branchMap":{"1":{"line":63,"type":"if","locations":[{"start":{"line":63,"column":8},"end":{"line":63,"column":8}},{"start":{"line":63,"column":8},"end":{"line":63,"column":8}}]},"2":{"line":86,"type":"if","locations":[{"start":{"line":86,"column":8},"end":{"line":86,"column":8}},{"start":{"line":86,"column":8},"end":{"line":86,"column":8}}]},"3":{"line":90,"type":"if","locations":[{"start":{"line":90,"column":8},"end":{"line":90,"column":8}},{"start":{"line":90,"column":8},"end":{"line":90,"column":8}}]},"4":{"line":94,"type":"if","locations":[{"start":{"line":94,"column":8},"end":{"line":94,"column":8}},{"start":{"line":94,"column":8},"end":{"line":94,"column":8}}]},"5":{"line":98,"type":"if","locations":[{"start":{"line":98,"column":8},"end":{"line":98,"column":8}},{"start":{"line":98,"column":8},"end":{"line":98,"column":8}}]}}},"/home/jeff/code/FUEL-Token/contracts/FuelToken.sol":{"l":{"22":1,"23":1,"24":1,"25":1,"30":1,"31":1,"36":1,"37":1,"38":1,"39":1,"40":1,"41":1,"42":1,"50":1,"51":1,"52":1,"53":1,"54":1,"56":1,"62":1,"63":1,"64":1,"65":1,"66":1,"68":1,"69":1,"76":1,"77":1,"78":1,"79":1,"80":1,"82":1,"83":1,"91":0,"97":0,"98":0,"101":0,"102":0,"103":0,"108":0,"115":0,"119":0,"121":0,"126":0,"127":0,"130":0,"134":0,"140":0,"144":0,"145":0,"146":0,"150":0,"180":0,"184":0,"188":0,"192":0,"196":0,"200":0,"205":0,"206":0,"207":0,"208":0,"209":0,"213":0},"path":"/home/jeff/code/FUEL-Token/contracts/FuelToken.sol","s":{"1":6,"2":6,"3":1,"4":1,"5":1,"6":1,"7":1,"8":1,"9":1,"10":1,"11":1,"12":1,"13":1,"14":1,"15":1,"16":1,"17":1,"18":1,"19":1,"20":1,"21":1,"22":1,"23":1,"24":1,"25":1,"26":1,"27":1,"28":1,"29":1,"30":0,"31":0,"32":0,"33":0,"34":0,"35":0,"36":0,"37":0,"38":0,"39":0,"40":0,"41":0,"42":0,"43":0,"44":0,"45":0,"46":0,"47":0,"48":0,"49":0,"50":0,"51":0,"52":0,"53":0,"54":0,"55":0,"56":0,"57":0,"58":0,"59":0,"60":0,"61":0,"62":0,"63":0,"64":0,"65":0,"66":0},"b":{"1":[1,0],"2":[1,0],"3":[1,0],"4":[1,0],"5":[0,0],"6":[0,0],"7":[0,0],"8":[0,0],"9":[0,0],"10":[0,0],"11":[0,0],"12":[0,0],"13":[0,0],"14":[0,0],"15":[0,0],"16":[0,0]},"f":{"1":6,"2":1,"3":1,"4":1,"5":1,"6":1,"7":1,"8":0,"9":0,"10":0,"11":0,"12":0,"13":0,"14":0,"15":0,"16":0,"17":0,"18":0,"19":0,"20":0,"21":0},"fnMap":{"1":{"name":"FuelToken","line":13,"loc":{"start":{"line":13,"column":4},"end":{"line":13,"column":31}}},"2":{"name":"setDataStoreAddress","line":21,"loc":{"start":{"line":21,"column":4},"end":{"line":21,"column":118}}},"3":{"name":"setTokenManagerAddress","line":29,"loc":{"start":{"line":29,"column":4},"end":{"line":29,"column":111}}},"4":{"name":"setCrowdfundManagerAddress","line":35,"loc":{"start":{"line":35,"column":4},"end":{"line":35,"column":136}}},"5":{"name":"setVanbexTeamAddress","line":49,"loc":{"start":{"line":49,"column":4},"end":{"line":49,"column":118}}},"6":{"name":"setPlatformAddress","line":61,"loc":{"start":{"line":61,"column":4},"end":{"line":61,"column":112}}},"7":{"name":"setIncentivisingEffortsAddress","line":75,"loc":{"start":{"line":75,"column":4},"end":{"line":75,"column":108}}},"8":{"name":"balanceOf","line":90,"loc":{"start":{"line":90,"column":4},"end":{"line":90,"column":84}}},"9":{"name":"transfer","line":96,"loc":{"start":{"line":96,"column":4},"end":{"line":96,"column":119}}},"10":{"name":"transferFromCrowdfund","line":112,"loc":{"start":{"line":112,"column":4},"end":{"line":112,"column":98}}},"11":{"name":"transferFrom","line":125,"loc":{"start":{"line":125,"column":4},"end":{"line":125,"column":138}}},"12":{"name":"approve","line":143,"loc":{"start":{"line":143,"column":4},"end":{"line":143,"column":106}}},"13":{"name":"allowance","line":149,"loc":{"start":{"line":149,"column":4},"end":{"line":149,"column":104}}},"14":{"name":"totalSupply","line":179,"loc":{"start":{"line":179,"column":4},"end":{"line":179,"column":82}}},"15":{"name":"totalAllocatedTokens","line":183,"loc":{"start":{"line":183,"column":4},"end":{"line":183,"column":91}}},"16":{"name":"maxSupply","line":187,"loc":{"start":{"line":187,"column":4},"end":{"line":187,"column":59}}},"17":{"name":"amountOfPublicTokensToAllocate","line":191,"loc":{"start":{"line":191,"column":4},"end":{"line":191,"column":80}}},"18":{"name":"icoSupply","line":195,"loc":{"start":{"line":195,"column":4},"end":{"line":195,"column":59}}},"19":{"name":"presaleSupply","line":199,"loc":{"start":{"line":199,"column":4},"end":{"line":199,"column":63}}},"20":{"name":"finalizeCrowdsale","line":204,"loc":{"start":{"line":204,"column":4},"end":{"line":204,"column":58}}},"21":{"name":null,"line":212,"loc":{"start":{"line":212,"column":4},"end":{"line":212,"column":14}}}},"statementMap":{"1":{"start":{"line":14,"column":8},"end":{"line":14,"column":21}},"2":{"start":{"line":15,"column":8},"end":{"line":15,"column":55}},"3":{"start":{"line":22,"column":8},"end":{"line":22,"column":40}},"4":{"start":{"line":23,"column":8},"end":{"line":23,"column":43}},"5":{"start":{"line":24,"column":8},"end":{"line":24,"column":56}},"6":{"start":{"line":25,"column":8},"end":{"line":25,"column":49}},"7":{"start":{"line":30,"column":8},"end":{"line":30,"column":49}},"8":{"start":{"line":31,"column":8},"end":{"line":31,"column":55}},"9":{"start":{"line":36,"column":8},"end":{"line":36,"column":57}},"10":{"start":{"line":37,"column":8},"end":{"line":37,"column":63}},"11":{"start":{"line":38,"column":8},"end":{"line":38,"column":1469}},"12":{"start":{"line":39,"column":12},"end":{"line":39,"column":51}},"13":{"start":{"line":40,"column":12},"end":{"line":40,"column":52}},"14":{"start":{"line":41,"column":12},"end":{"line":41,"column":60}},"15":{"start":{"line":42,"column":12},"end":{"line":42,"column":50}},"16":{"start":{"line":50,"column":8},"end":{"line":50,"column":45}},"17":{"start":{"line":51,"column":8},"end":{"line":51,"column":2159}},"18":{"start":{"line":52,"column":12},"end":{"line":52,"column":45}},"19":{"start":{"line":53,"column":12},"end":{"line":53,"column":56}},"20":{"start":{"line":62,"column":8},"end":{"line":62,"column":41}},"21":{"start":{"line":63,"column":8},"end":{"line":63,"column":47}},"22":{"start":{"line":64,"column":8},"end":{"line":64,"column":2843}},"23":{"start":{"line":65,"column":12},"end":{"line":65,"column":43}},"24":{"start":{"line":66,"column":12},"end":{"line":66,"column":62}},"25":{"start":{"line":76,"column":8},"end":{"line":76,"column":45}},"26":{"start":{"line":77,"column":8},"end":{"line":77,"column":51}},"27":{"start":{"line":78,"column":8},"end":{"line":78,"column":3575}},"28":{"start":{"line":79,"column":12},"end":{"line":79,"column":55}},"29":{"start":{"line":80,"column":12},"end":{"line":80,"column":86}},"30":{"start":{"line":91,"column":8},"end":{"line":91,"column":42}},"31":{"start":{"line":97,"column":8},"end":{"line":97,"column":4471}},"32":{"start":{"line":98,"column":12},"end":{"line":98,"column":17}},"33":{"start":{"line":101,"column":8},"end":{"line":101,"column":54}},"34":{"start":{"line":102,"column":8},"end":{"line":102,"column":27}},"35":{"start":{"line":103,"column":8},"end":{"line":103,"column":54}},"36":{"start":{"line":104,"column":8},"end":{"line":104,"column":61}},"37":{"start":{"line":107,"column":8},"end":{"line":107,"column":38}},"38":{"start":{"line":108,"column":8},"end":{"line":108,"column":19}},"39":{"start":{"line":113,"column":8},"end":{"line":113,"column":70}},"40":{"start":{"line":114,"column":8},"end":{"line":114,"column":27}},"41":{"start":{"line":115,"column":8},"end":{"line":115,"column":54}},"42":{"start":{"line":116,"column":8},"end":{"line":116,"column":61}},"43":{"start":{"line":120,"column":8},"end":{"line":120,"column":54}},"44":{"start":{"line":121,"column":8},"end":{"line":121,"column":19}},"45":{"start":{"line":126,"column":8},"end":{"line":126,"column":6100}},"46":{"start":{"line":127,"column":12},"end":{"line":127,"column":17}},"47":{"start":{"line":130,"column":8},"end":{"line":130,"column":53}},"48":{"start":{"line":131,"column":8},"end":{"line":131,"column":40}},"49":{"start":{"line":132,"column":8},"end":{"line":132,"column":64}},"50":{"start":{"line":133,"column":8},"end":{"line":133,"column":27}},"51":{"start":{"line":134,"column":8},"end":{"line":134,"column":54}},"52":{"start":{"line":135,"column":8},"end":{"line":135,"column":61}},"53":{"start":{"line":140,"column":8},"end":{"line":140,"column":19}},"54":{"start":{"line":145,"column":8},"end":{"line":145,"column":43}},"55":{"start":{"line":146,"column":8},"end":{"line":146,"column":19}},"56":{"start":{"line":150,"column":8},"end":{"line":150,"column":59}},"57":{"start":{"line":180,"column":8},"end":{"line":180,"column":47}},"58":{"start":{"line":184,"column":8},"end":{"line":184,"column":47}},"59":{"start":{"line":188,"column":8},"end":{"line":188,"column":36}},"60":{"start":{"line":192,"column":8},"end":{"line":192,"column":57}},"61":{"start":{"line":196,"column":8},"end":{"line":196,"column":36}},"62":{"start":{"line":200,"column":8},"end":{"line":200,"column":40}},"63":{"start":{"line":205,"column":8},"end":{"line":205,"column":64}},"64":{"start":{"line":208,"column":8},"end":{"line":208,"column":33}},"65":{"start":{"line":209,"column":8},"end":{"line":209,"column":19}},"66":{"start":{"line":213,"column":8},"end":{"line":213,"column":13}}},"branchMap":{"1":{"line":38,"type":"if","locations":[{"start":{"line":38,"column":8},"end":{"line":38,"column":8}},{"start":{"line":38,"column":8},"end":{"line":38,"column":8}}]},"2":{"line":51,"type":"if","locations":[{"start":{"line":51,"column":8},"end":{"line":51,"column":8}},{"start":{"line":51,"column":8},"end":{"line":51,"column":8}}]},"3":{"line":64,"type":"if","locations":[{"start":{"line":64,"column":8},"end":{"line":64,"column":8}},{"start":{"line":64,"column":8},"end":{"line":64,"column":8}}]},"4":{"line":78,"type":"if","locations":[{"start":{"line":78,"column":8},"end":{"line":78,"column":8}},{"start":{"line":78,"column":8},"end":{"line":78,"column":8}}]},"5":{"line":97,"type":"if","locations":[{"start":{"line":97,"column":8},"end":{"line":97,"column":8}},{"start":{"line":97,"column":8},"end":{"line":97,"column":8}}]},"6":{"line":101,"type":"if","locations":[{"start":{"line":101,"column":8},"end":{"line":101,"column":8}},{"start":{"line":101,"column":8},"end":{"line":101,"column":8}}]},"7":{"line":102,"type":"if","locations":[{"start":{"line":102,"column":8},"end":{"line":102,"column":8}},{"start":{"line":102,"column":8},"end":{"line":102,"column":8}}]},"8":{"line":104,"type":"if","locations":[{"start":{"line":104,"column":8},"end":{"line":104,"column":8}},{"start":{"line":104,"column":8},"end":{"line":104,"column":8}}]},"9":{"line":113,"type":"if","locations":[{"start":{"line":113,"column":8},"end":{"line":113,"column":8}},{"start":{"line":113,"column":8},"end":{"line":113,"column":8}}]},"10":{"line":114,"type":"if","locations":[{"start":{"line":114,"column":8},"end":{"line":114,"column":8}},{"start":{"line":114,"column":8},"end":{"line":114,"column":8}}]},"11":{"line":116,"type":"if","locations":[{"start":{"line":116,"column":8},"end":{"line":116,"column":8}},{"start":{"line":116,"column":8},"end":{"line":116,"column":8}}]},"12":{"line":126,"type":"if","locations":[{"start":{"line":126,"column":8},"end":{"line":126,"column":8}},{"start":{"line":126,"column":8},"end":{"line":126,"column":8}}]},"13":{"line":131,"type":"if","locations":[{"start":{"line":131,"column":8},"end":{"line":131,"column":8}},{"start":{"line":131,"column":8},"end":{"line":131,"column":8}}]},"14":{"line":132,"type":"if","locations":[{"start":{"line":132,"column":8},"end":{"line":132,"column":8}},{"start":{"line":132,"column":8},"end":{"line":132,"column":8}}]},"15":{"line":133,"type":"if","locations":[{"start":{"line":133,"column":8},"end":{"line":133,"column":8}},{"start":{"line":133,"column":8},"end":{"line":133,"column":8}}]},"16":{"line":135,"type":"if","locations":[{"start":{"line":135,"column":8},"end":{"line":135,"column":8}},{"start":{"line":135,"column":8},"end":{"line":135,"column":8}}]}}},"/home/jeff/code/FUEL-Token/contracts/helpers/NonZero.sol":{"l":{"9":16,"10":16,"14":0,"15":0,"19":0,"20":0,"28":0,"29":0},"path":"/home/jeff/code/FUEL-Token/contracts/helpers/NonZero.sol","s":{"1":16,"2":0,"3":0,"4":0},"b":{"1":[16,0],"2":[0,0],"3":[0,0],"4":[0,0]},"f":{"1":16,"2":0,"3":0,"4":0},"fnMap":{"1":{"name":"nonZeroAddress","line":8,"loc":{"start":{"line":8,"column":4},"end":{"line":8,"column":39}}},"2":{"name":"nonZeroAmount","line":13,"loc":{"start":{"line":13,"column":4},"end":{"line":13,"column":39}}},"3":{"name":"nonZeroValue","line":18,"loc":{"start":{"line":18,"column":4},"end":{"line":18,"column":26}}},"4":{"name":"onlyPayloadSize","line":25,"loc":{"start":{"line":25,"column":4},"end":{"line":25,"column":38}}}},"statementMap":{"1":{"start":{"line":9,"column":8},"end":{"line":9,"column":26}},"2":{"start":{"line":14,"column":8},"end":{"line":14,"column":27}},"3":{"start":{"line":19,"column":8},"end":{"line":19,"column":29}},"4":{"start":{"line":28,"column":4},"end":{"line":28,"column":38}}},"branchMap":{"1":{"line":9,"type":"if","locations":[{"start":{"line":9,"column":8},"end":{"line":9,"column":8}},{"start":{"line":9,"column":8},"end":{"line":9,"column":8}}]},"2":{"line":14,"type":"if","locations":[{"start":{"line":14,"column":8},"end":{"line":14,"column":8}},{"start":{"line":14,"column":8},"end":{"line":14,"column":8}}]},"3":{"line":19,"type":"if","locations":[{"start":{"line":19,"column":8},"end":{"line":19,"column":8}},{"start":{"line":19,"column":8},"end":{"line":19,"column":8}}]},"4":{"line":28,"type":"if","locations":[{"start":{"line":28,"column":4},"end":{"line":28,"column":4}},{"start":{"line":28,"column":4},"end":{"line":28,"column":4}}]}}},"/home/jeff/code/FUEL-Token/contracts/helpers/Ownable.sol":{"l":{"15":41,"23":19,"24":17,"33":0,"34":0},"path":"/home/jeff/code/FUEL-Token/contracts/helpers/Ownable.sol","s":{"1":41,"2":19,"3":0,"4":0},"b":{"1":[17,2],"2":[0,0]},"f":{"1":41,"2":19,"3":0},"fnMap":{"1":{"name":"Ownable","line":14,"loc":{"start":{"line":14,"column":2},"end":{"line":14,"column":21}}},"2":{"name":"onlyOwner","line":22,"loc":{"start":{"line":22,"column":2},"end":{"line":22,"column":23}}},"3":{"name":"transferOwnership","line":32,"loc":{"start":{"line":32,"column":2},"end":{"line":32,"column":57}}}},"statementMap":{"1":{"start":{"line":15,"column":4},"end":{"line":15,"column":21}},"2":{"start":{"line":23,"column":4},"end":{"line":23,"column":31}},"3":{"start":{"line":33,"column":4},"end":{"line":33,"column":800}},"4":{"start":{"line":34,"column":6},"end":{"line":34,"column":21}}},"branchMap":{"1":{"line":23,"type":"if","locations":[{"start":{"line":23,"column":4},"end":{"line":23,"column":4}},{"start":{"line":23,"column":4},"end":{"line":23,"column":4}}]},"2":{"line":33,"type":"if","locations":[{"start":{"line":33,"column":4},"end":{"line":33,"column":4}},{"start":{"line":33,"column":4},"end":{"line":33,"column":4}}]}}},"/home/jeff/code/FUEL-Token/contracts/interfaces/DataStoreInterface.sol":{"l":{"36":15,"37":15},"path":"/home/jeff/code/FUEL-Token/contracts/interfaces/DataStoreInterface.sol","s":{"1":15},"b":{"1":[15,0]},"f":{"1":15},"fnMap":{"1":{"name":"onlyToken","line":35,"loc":{"start":{"line":35,"column":2},"end":{"line":35,"column":23}}}},"statementMap":{"1":{"start":{"line":36,"column":3},"end":{"line":36,"column":37}}},"branchMap":{"1":{"line":36,"type":"if","locations":[{"start":{"line":36,"column":3},"end":{"line":36,"column":3}},{"start":{"line":36,"column":3},"end":{"line":36,"column":3}}]}}},"/home/jeff/code/FUEL-Token/contracts/interfaces/FuelCrowdfundInterface.sol":{"l":{"36":0,"37":0,"42":0,"43":0,"47":0,"48":0},"path":"/home/jeff/code/FUEL-Token/contracts/interfaces/FuelCrowdfundInterface.sol","s":{"1":0,"2":0,"3":0},"b":{"1":[0,0],"2":[0,0],"3":[0,0]},"f":{"1":0,"2":0,"3":0},"fnMap":{"1":{"name":"afterDeadline","line":35,"loc":{"start":{"line":35,"column":4},"end":{"line":35,"column":27}}},"2":{"name":"crowdsaleIsActive","line":41,"loc":{"start":{"line":41,"column":4},"end":{"line":41,"column":31}}},"3":{"name":"onlyManager","line":46,"loc":{"start":{"line":46,"column":4},"end":{"line":46,"column":25}}}},"statementMap":{"1":{"start":{"line":36,"column":8},"end":{"line":36,"column":29}},"2":{"start":{"line":42,"column":8},"end":{"line":42,"column":40}},"3":{"start":{"line":47,"column":8},"end":{"line":47,"column":53}}},"branchMap":{"1":{"line":36,"type":"if","locations":[{"start":{"line":36,"column":8},"end":{"line":36,"column":8}},{"start":{"line":36,"column":8},"end":{"line":36,"column":8}}]},"2":{"line":42,"type":"if","locations":[{"start":{"line":42,"column":8},"end":{"line":42,"column":8}},{"start":{"line":42,"column":8},"end":{"line":42,"column":8}}]},"3":{"line":47,"type":"if","locations":[{"start":{"line":47,"column":8},"end":{"line":47,"column":8}},{"start":{"line":47,"column":8},"end":{"line":47,"column":8}}]}}},"/home/jeff/code/FUEL-Token/contracts/interfaces/FuelCrowdfundManagerInterface.sol":{"l":{"33":0,"34":0},"path":"/home/jeff/code/FUEL-Token/contracts/interfaces/FuelCrowdfundManagerInterface.sol","s":{"1":0},"b":{"1":[0,0]},"f":{"1":0},"fnMap":{"1":{"name":"crowdsaleIsClosed","line":32,"loc":{"start":{"line":32,"column":4},"end":{"line":32,"column":31}}}},"statementMap":{"1":{"start":{"line":33,"column":8},"end":{"line":33,"column":29}}},"branchMap":{"1":{"line":33,"type":"if","locations":[{"start":{"line":33,"column":8},"end":{"line":33,"column":8}},{"start":{"line":33,"column":8},"end":{"line":33,"column":8}}]}}},"/home/jeff/code/FUEL-Token/contracts/interfaces/FuelTokenInterface.sol":{"l":{"79":0,"80":0,"85":0,"90":4,"91":4,"96":1,"97":1},"path":"/home/jeff/code/FUEL-Token/contracts/interfaces/FuelTokenInterface.sol","s":{"1":0,"2":4,"3":1},"b":{"1":[0,0],"2":[4,0],"3":[1,0]},"f":{"1":0,"2":0,"3":4,"4":1},"fnMap":{"1":{"name":"onlyManager","line":78,"loc":{"start":{"line":78,"column":4},"end":{"line":78,"column":25}}},"2":{"name":"notBeforeIcoEnds","line":83,"loc":{"start":{"line":83,"column":4},"end":{"line":83,"column":29}}},"3":{"name":"dataStoreSet","line":89,"loc":{"start":{"line":89,"column":4},"end":{"line":89,"column":25}}},"4":{"name":"dataStoreNotSet","line":95,"loc":{"start":{"line":95,"column":4},"end":{"line":95,"column":28}}}},"statementMap":{"1":{"start":{"line":79,"column":8},"end":{"line":79,"column":49}},"2":{"start":{"line":90,"column":8},"end":{"line":90,"column":49}},"3":{"start":{"line":96,"column":8},"end":{"line":96,"column":50}}},"branchMap":{"1":{"line":79,"type":"if","locations":[{"start":{"line":79,"column":8},"end":{"line":79,"column":8}},{"start":{"line":79,"column":8},"end":{"line":79,"column":8}}]},"2":{"line":90,"type":"if","locations":[{"start":{"line":90,"column":8},"end":{"line":90,"column":8}},{"start":{"line":90,"column":8},"end":{"line":90,"column":8}}]},"3":{"line":96,"type":"if","locations":[{"start":{"line":96,"column":8},"end":{"line":96,"column":8}},{"start":{"line":96,"column":8},"end":{"line":96,"column":8}}]}}},"/home/jeff/code/FUEL-Token/contracts/interfaces/FuelTokenManagerInterface.sol":{"l":{"47":0,"48":0},"path":"/home/jeff/code/FUEL-Token/contracts/interfaces/FuelTokenManagerInterface.sol","s":{"1":0},"b":{"1":[0,0]},"f":{"1":0},"fnMap":{"1":{"name":"onlyCrowdfund","line":46,"loc":{"start":{"line":46,"column":4},"end":{"line":46,"column":27}}}},"statementMap":{"1":{"start":{"line":47,"column":8},"end":{"line":47,"column":46}}},"branchMap":{"1":{"line":47,"type":"if","locations":[{"start":{"line":47,"column":8},"end":{"line":47,"column":8}},{"start":{"line":47,"column":8},"end":{"line":47,"column":8}}]}}},"/home/jeff/code/FUEL-Token/contracts/libs/Helpers.sol":{"l":{"10":0},"path":"/home/jeff/code/FUEL-Token/contracts/libs/Helpers.sol","s":{"1":0},"b":{},"f":{"1":0},"fnMap":{"1":{"name":"daysAfter","line":9,"loc":{"start":{"line":9,"column":2},"end":{"line":9,"column":64}}}},"statementMap":{"1":{"start":{"line":10,"column":6},"end":{"line":10,"column":46}}},"branchMap":{}},"/home/jeff/code/FUEL-Token/contracts/libs/SafeMath.sol":{"l":{"9":0,"10":0,"11":0,"16":0,"18":0,"22":0,"23":0,"27":13,"28":13,"29":13},"path":"/home/jeff/code/FUEL-Token/contracts/libs/SafeMath.sol","s":{"1":0,"2":0,"3":0,"4":0,"5":0,"6":0,"7":0,"8":0,"9":0,"10":13,"11":13,"12":13},"b":{"1":[0,0],"2":[0,0],"3":[0,0],"4":[0,0],"5":[13,0]},"f":{"1":0,"2":0,"3":0,"4":13},"fnMap":{"1":{"name":"mul","line":8,"loc":{"start":{"line":8,"column":2},"end":{"line":8,"column":64}}},"2":{"name":"div","line":14,"loc":{"start":{"line":14,"column":2},"end":{"line":14,"column":64}}},"3":{"name":"sub","line":21,"loc":{"start":{"line":21,"column":2},"end":{"line":21,"column":64}}},"4":{"name":"add","line":26,"loc":{"start":{"line":26,"column":2},"end":{"line":26,"column":64}}}},"statementMap":{"1":{"start":{"line":9,"column":4},"end":{"line":9,"column":20}},"2":{"start":{"line":10,"column":4},"end":{"line":10,"column":31}},"3":{"start":{"line":11,"column":4},"end":{"line":11,"column":12}},"4":{"start":{"line":15,"column":4},"end":{"line":15,"column":16}},"5":{"start":{"line":16,"column":4},"end":{"line":16,"column":20}},"6":{"start":{"line":17,"column":4},"end":{"line":17,"column":29}},"7":{"start":{"line":18,"column":4},"end":{"line":18,"column":12}},"8":{"start":{"line":22,"column":4},"end":{"line":22,"column":17}},"9":{"start":{"line":23,"column":4},"end":{"line":23,"column":16}},"10":{"start":{"line":27,"column":4},"end":{"line":27,"column":20}},"11":{"start":{"line":28,"column":4},"end":{"line":28,"column":17}},"12":{"start":{"line":29,"column":4},"end":{"line":29,"column":12}}},"branchMap":{"1":{"line":10,"type":"if","locations":[{"start":{"line":10,"column":4},"end":{"line":10,"column":4}},{"start":{"line":10,"column":4},"end":{"line":10,"column":4}}]},"2":{"line":15,"type":"if","locations":[{"start":{"line":15,"column":4},"end":{"line":15,"column":4}},{"start":{"line":15,"column":4},"end":{"line":15,"column":4}}]},"3":{"line":17,"type":"if","locations":[{"start":{"line":17,"column":4},"end":{"line":17,"column":4}},{"start":{"line":17,"column":4},"end":{"line":17,"column":4}}]},"4":{"line":22,"type":"if","locations":[{"start":{"line":22,"column":4},"end":{"line":22,"column":4}},{"start":{"line":22,"column":4},"end":{"line":22,"column":4}}]},"5":{"line":28,"type":"if","locations":[{"start":{"line":28,"column":4},"end":{"line":28,"column":4}},{"start":{"line":28,"column":4},"end":{"line":28,"column":4}}]}}},"/home/jeff/code/FUEL-Token/contracts/managers/FuelCrowdfundManager.sol":{"l":{"24":1,"25":1,"30":1,"31":1,"32":1,"37":0,"42":0,"47":0,"52":0,"57":0,"61":0,"65":0,"69":0},"path":"/home/jeff/code/FUEL-Token/contracts/managers/FuelCrowdfundManager.sol","s":{"1":1,"2":1,"3":1,"4":1,"5":1,"6":1,"7":1,"8":1,"9":0,"10":0,"11":0,"12":0,"13":0,"14":0},"b":{},"f":{"1":1,"2":1,"3":1,"4":0,"5":0,"6":0,"7":0,"8":0,"9":0,"10":0,"11":0},"fnMap":{"1":{"name":"FuelCrowdfundManager","line":16,"loc":{"start":{"line":16,"column":4},"end":{"line":16,"column":42}}},"2":{"name":"setTokenManagerAddress","line":23,"loc":{"start":{"line":23,"column":4},"end":{"line":23,"column":111}}},"3":{"name":"setCrowdfundAddress","line":29,"loc":{"start":{"line":29,"column":4},"end":{"line":29,"column":102}}},"4":{"name":null,"line":36,"loc":{"start":{"line":36,"column":4},"end":{"line":36,"column":35}}},"5":{"name":"buyTokens","line":41,"loc":{"start":{"line":41,"column":4},"end":{"line":41,"column":44}}},"6":{"name":"closeCrowdsale","line":46,"loc":{"start":{"line":46,"column":4},"end":{"line":46,"column":46}}},"7":{"name":"getPrice","line":51,"loc":{"start":{"line":51,"column":4},"end":{"line":51,"column":43}}},"8":{"name":"weiRaised","line":56,"loc":{"start":{"line":56,"column":4},"end":{"line":56,"column":54}}},"9":{"name":"fundingGoal","line":60,"loc":{"start":{"line":60,"column":4},"end":{"line":60,"column":56}}},"10":{"name":"fundingGoalReached","line":64,"loc":{"start":{"line":64,"column":4},"end":{"line":64,"column":63}}},"11":{"name":"crowdsaleClosed","line":68,"loc":{"start":{"line":68,"column":4},"end":{"line":68,"column":60}}}},"statementMap":{"1":{"start":{"line":17,"column":8},"end":{"line":17,"column":21}},"2":{"start":{"line":18,"column":8},"end":{"line":18,"column":28}},"3":{"start":{"line":19,"column":8},"end":{"line":19,"column":26}},"4":{"start":{"line":24,"column":8},"end":{"line":24,"column":49}},"5":{"start":{"line":25,"column":8},"end":{"line":25,"column":55}},"6":{"start":{"line":30,"column":8},"end":{"line":30,"column":64}},"7":{"start":{"line":31,"column":8},"end":{"line":31,"column":43}},"8":{"start":{"line":32,"column":8},"end":{"line":32,"column":49}},"9":{"start":{"line":47,"column":8},"end":{"line":47,"column":45}},"10":{"start":{"line":52,"column":8},"end":{"line":52,"column":39}},"11":{"start":{"line":57,"column":8},"end":{"line":57,"column":40}},"12":{"start":{"line":61,"column":8},"end":{"line":61,"column":42}},"13":{"start":{"line":65,"column":8},"end":{"line":65,"column":49}},"14":{"start":{"line":69,"column":8},"end":{"line":69,"column":46}}},"branchMap":{}},"/home/jeff/code/FUEL-Token/contracts/managers/FuelTokenManager.sol":{"l":{"29":0,"33":1,"34":1,"35":1,"39":1,"40":1,"44":0,"49":0,"54":0,"58":0,"62":0,"66":0,"80":0,"84":0,"88":0,"92":0,"96":0,"100":0,"104":0},"path":"/home/jeff/code/FUEL-Token/contracts/managers/FuelTokenManager.sol","s":{"1":0,"2":1,"3":1,"4":1,"5":1,"6":1,"7":0,"8":0,"9":0,"10":0,"11":0,"12":0,"13":0,"14":0,"15":0,"16":0,"17":0,"18":0,"19":0},"b":{},"f":{"1":2,"2":0,"3":1,"4":1,"5":0,"6":0,"7":0,"8":0,"9":0,"10":0,"11":0,"12":0,"13":0,"14":0,"15":0,"16":0,"17":0},"fnMap":{"1":{"name":"FuelTokenManager","line":23,"loc":{"start":{"line":23,"column":1},"end":{"line":23,"column":38}}},"2":{"name":null,"line":28,"loc":{"start":{"line":28,"column":1},"end":{"line":28,"column":14}}},"3":{"name":"setTokenAddress","line":32,"loc":{"start":{"line":32,"column":1},"end":{"line":32,"column":90}}},"4":{"name":"setCrowdfundAddress","line":38,"loc":{"start":{"line":38,"column":4},"end":{"line":38,"column":102}}},"5":{"name":"balanceOf","line":43,"loc":{"start":{"line":43,"column":1},"end":{"line":43,"column":106}}},"6":{"name":"transfer","line":48,"loc":{"start":{"line":48,"column":1},"end":{"line":48,"column":110}}},"7":{"name":"transferFromCrowdfund","line":53,"loc":{"start":{"line":53,"column":4},"end":{"line":53,"column":100}}},"8":{"name":"transferFrom","line":57,"loc":{"start":{"line":57,"column":1},"end":{"line":57,"column":137}}},"9":{"name":"approve","line":61,"loc":{"start":{"line":61,"column":4},"end":{"line":61,"column":125}}},"10":{"name":"allowance","line":65,"loc":{"start":{"line":65,"column":4},"end":{"line":65,"column":117}}},"11":{"name":"totalSupply","line":79,"loc":{"start":{"line":79,"column":4},"end":{"line":79,"column":56}}},"12":{"name":"totalAllocatedTokens","line":83,"loc":{"start":{"line":83,"column":4},"end":{"line":83,"column":65}}},"13":{"name":"maxSupply","line":87,"loc":{"start":{"line":87,"column":4},"end":{"line":87,"column":54}}},"14":{"name":"amountOfPublicTokensToAllocate","line":91,"loc":{"start":{"line":91,"column":4},"end":{"line":91,"column":75}}},"15":{"name":"icoSupply","line":95,"loc":{"start":{"line":95,"column":4},"end":{"line":95,"column":54}}},"16":{"name":"presaleSupply","line":99,"loc":{"start":{"line":99,"column":4},"end":{"line":99,"column":58}}},"17":{"name":"finalizeCrowdsale","line":103,"loc":{"start":{"line":103,"column":4},"end":{"line":103,"column":60}}}},"statementMap":{"1":{"start":{"line":29,"column":2},"end":{"line":29,"column":7}},"2":{"start":{"line":33,"column":2},"end":{"line":33,"column":29}},"3":{"start":{"line":34,"column":2},"end":{"line":34,"column":45}},"4":{"start":{"line":35,"column":2},"end":{"line":35,"column":35}},"5":{"start":{"line":39,"column":8},"end":{"line":39,"column":43}},"6":{"start":{"line":40,"column":8},"end":{"line":40,"column":49}},"7":{"start":{"line":44,"column":2},"end":{"line":44,"column":38}},"8":{"start":{"line":49,"column":2},"end":{"line":49,"column":53}},"9":{"start":{"line":54,"column":8},"end":{"line":54,"column":60}},"10":{"start":{"line":58,"column":2},"end":{"line":58,"column":64}},"11":{"start":{"line":62,"column":5},"end":{"line":62,"column":60}},"12":{"start":{"line":66,"column":8},"end":{"line":66,"column":52}},"13":{"start":{"line":80,"column":5},"end":{"line":80,"column":35}},"14":{"start":{"line":84,"column":5},"end":{"line":84,"column":44}},"15":{"start":{"line":88,"column":5},"end":{"line":88,"column":33}},"16":{"start":{"line":92,"column":5},"end":{"line":92,"column":54}},"17":{"start":{"line":96,"column":5},"end":{"line":96,"column":33}},"18":{"start":{"line":100,"column":5},"end":{"line":100,"column":37}},"19":{"start":{"line":104,"column":8},"end":{"line":104,"column":44}}},"branchMap":{}},"/home/jeff/code/FUEL-Token/contracts/storage/DataStore.sol":{"l":{"17":0,"35":1,"36":1,"39":0,"40":0,"43":0,"48":3,"52":1,"56":1,"60":0,"64":0,"68":0,"72":1,"76":0,"80":0,"84":4,"88":0,"92":0,"96":1,"100":1,"104":0,"108":1,"112":1,"116":1,"120":0,"124":0},"path":"/home/jeff/code/FUEL-Token/contracts/storage/DataStore.sol","s":{"1":0,"2":25,"3":25,"4":25,"5":25,"6":25,"7":25,"8":25,"9":1,"10":1,"11":0,"12":0,"13":3,"14":1,"15":1,"16":0,"17":0,"18":0,"19":1,"20":0,"21":0,"22":4,"23":0,"24":0,"25":1,"26":1,"27":0,"28":1,"29":1,"30":1,"31":0,"32":0},"b":{},"f":{"1":0,"2":25,"3":1,"4":0,"5":0,"6":3,"7":1,"8":1,"9":0,"10":0,"11":0,"12":1,"13":0,"14":0,"15":4,"16":0,"17":0,"18":1,"19":1,"20":0,"21":1,"22":1,"23":1,"24":0,"25":0},"fnMap":{"1":{"name":null,"line":16,"loc":{"start":{"line":16,"column":1},"end":{"line":16,"column":13}}},"2":{"name":"DataStore","line":20,"loc":{"start":{"line":20,"column":1},"end":{"line":20,"column":31}}},"3":{"name":"setTokenAddress","line":34,"loc":{"start":{"line":34,"column":4},"end":{"line":34,"column":55}}},"4":{"name":"balanceOf","line":38,"loc":{"start":{"line":38,"column":1},"end":{"line":38,"column":63}}},"5":{"name":"setMaxSupply","line":42,"loc":{"start":{"line":42,"column":4},"end":{"line":42,"column":48}}},"6":{"name":"allocateTokens","line":47,"loc":{"start":{"line":47,"column":4},"end":{"line":47,"column":50}}},"7":{"name":"setVanbexTeamSupply","line":51,"loc":{"start":{"line":51,"column":4},"end":{"line":51,"column":55}}},"8":{"name":"setPlatformSupply","line":55,"loc":{"start":{"line":55,"column":4},"end":{"line":55,"column":53}}},"9":{"name":"setAmountOfPublicTokensToAllocate","line":59,"loc":{"start":{"line":59,"column":4},"end":{"line":59,"column":69}}},"10":{"name":"setPresaleSupply","line":63,"loc":{"start":{"line":63,"column":4},"end":{"line":63,"column":52}}},"11":{"name":"setIcoSupply","line":67,"loc":{"start":{"line":67,"column":4},"end":{"line":67,"column":48}}},"12":{"name":"setIncentivisingEffortsSupply","line":71,"loc":{"start":{"line":71,"column":4},"end":{"line":71,"column":65}}},"13":{"name":"setAllowance","line":75,"loc":{"start":{"line":75,"column":4},"end":{"line":75,"column":83}}},"14":{"name":"decrementAllowed","line":79,"loc":{"start":{"line":79,"column":4},"end":{"line":79,"column":87}}},"15":{"name":"addToBalance","line":83,"loc":{"start":{"line":83,"column":4},"end":{"line":83,"column":66}}},"16":{"name":"decrementBalance","line":87,"loc":{"start":{"line":87,"column":4},"end":{"line":87,"column":70}}},"17":{"name":"setBalance","line":91,"loc":{"start":{"line":91,"column":4},"end":{"line":91,"column":64}}},"18":{"name":"getIcoSupply","line":95,"loc":{"start":{"line":95,"column":4},"end":{"line":95,"column":51}}},"19":{"name":"getPresaleSupply","line":99,"loc":{"start":{"line":99,"column":4},"end":{"line":99,"column":54}}},"20":{"name":"getMaxSupply","line":103,"loc":{"start":{"line":103,"column":4},"end":{"line":103,"column":50}}},"21":{"name":"getVanbexTeamSupply","line":107,"loc":{"start":{"line":107,"column":4},"end":{"line":107,"column":58}}},"22":{"name":"getPlatformSupply","line":111,"loc":{"start":{"line":111,"column":4},"end":{"line":111,"column":56}}},"23":{"name":"getIncentivisingEffortsSupply","line":115,"loc":{"start":{"line":115,"column":4},"end":{"line":115,"column":68}}},"24":{"name":"getAmountOfPublicTokensToAllocate","line":119,"loc":{"start":{"line":119,"column":4},"end":{"line":119,"column":71}}},"25":{"name":"getAllowance","line":123,"loc":{"start":{"line":123,"column":4},"end":{"line":123,"column":81}}}},"statementMap":{"1":{"start":{"line":17,"column":2},"end":{"line":17,"column":7}},"2":{"start":{"line":21,"column":2},"end":{"line":21,"column":23}},"3":{"start":{"line":22,"column":8},"end":{"line":22,"column":36}},"4":{"start":{"line":23,"column":8},"end":{"line":23,"column":34}},"5":{"start":{"line":24,"column":8},"end":{"line":24,"column":46}},"6":{"start":{"line":26,"column":8},"end":{"line":26,"column":114}},"7":{"start":{"line":27,"column":8},"end":{"line":27,"column":57}},"8":{"start":{"line":28,"column":8},"end":{"line":28,"column":53}},"9":{"start":{"line":35,"column":5},"end":{"line":35,"column":27}},"10":{"start":{"line":36,"column":8},"end":{"line":36,"column":40}},"11":{"start":{"line":39,"column":8},"end":{"line":39,"column":32}},"12":{"start":{"line":40,"column":2},"end":{"line":40,"column":25}},"13":{"start":{"line":48,"column":5},"end":{"line":48,"column":60}},"14":{"start":{"line":52,"column":5},"end":{"line":52,"column":30}},"15":{"start":{"line":56,"column":5},"end":{"line":56,"column":28}},"16":{"start":{"line":60,"column":5},"end":{"line":60,"column":80}},"17":{"start":{"line":64,"column":5},"end":{"line":64,"column":27}},"18":{"start":{"line":68,"column":5},"end":{"line":68,"column":23}},"19":{"start":{"line":72,"column":5},"end":{"line":72,"column":40}},"20":{"start":{"line":76,"column":5},"end":{"line":76,"column":40}},"21":{"start":{"line":80,"column":5},"end":{"line":80,"column":72}},"22":{"start":{"line":84,"column":5},"end":{"line":84,"column":56}},"23":{"start":{"line":88,"column":5},"end":{"line":88,"column":56}},"24":{"start":{"line":92,"column":5},"end":{"line":92,"column":32}},"25":{"start":{"line":96,"column":8},"end":{"line":96,"column":24}},"26":{"start":{"line":100,"column":8},"end":{"line":100,"column":28}},"27":{"start":{"line":104,"column":8},"end":{"line":104,"column":24}},"28":{"start":{"line":108,"column":8},"end":{"line":108,"column":31}},"29":{"start":{"line":112,"column":8},"end":{"line":112,"column":29}},"30":{"start":{"line":116,"column":8},"end":{"line":116,"column":41}},"31":{"start":{"line":120,"column":8},"end":{"line":120,"column":45}},"32":{"start":{"line":124,"column":8},"end":{"line":124,"column":38}}},"branchMap":{}}}